['root://cms-xrd-global.cern.ch//store/user/apiccine/VBS/WpWpJJ_EWK_TuneCP5_13TeV-madgraph-pythia8/WpWpJJ_EWK_2017/210420_122652/0000/tree_hadd_10.root']
Starting running at 2021-06-16 12:34:25.260321
Adding root://cms-xrd-global.cern.ch//store/user/apiccine/VBS/WpWpJJ_EWK_TuneCP5_13TeV-madgraph-pythia8/WpWpJJ_EWK_2017/210420_122652/0000/tree_hadd_10.root to the chain
Name: Events Title: 
Number of events in chain 17580
Number of events in tree from chain 17580
isMC:  True
gen?:  True  pdf?:  True
Event # 1  out of  17580
Event # 1001  out of  17580
Event # 2001  out of  17580
Event # 3001  out of  17580
Event # 4001  out of  17580
Event # 5001  out of  17580
Event # 6001  out of  17580
Event # 7001  out of  17580
Event # 8001  out of  17580
Event # 9001  out of  17580
Event # 10001  out of  17580
Event # 11001  out of  17580
Event # 12001  out of  17580
Event # 13001  out of  17580
Event # 14001  out of  17580
Event # 15001  out of  17580
Event # 16001  out of  17580
Event # 17001  out of  17580
Number of events in output tree 422
Ending running at 2021-06-16 12:49:57.409706
 So long, and thanks for all the fish
