['root://cms-xrd-global.cern.ch//store/user/apiccine/VBS/WpWpJJ_EWK_TuneCP5_13TeV-madgraph-pythia8/WpWpJJ_EWK_2017/210420_122652/0000/tree_hadd_8.root']
Starting running at 2021-06-16 12:34:26.127658
Adding root://cms-xrd-global.cern.ch//store/user/apiccine/VBS/WpWpJJ_EWK_TuneCP5_13TeV-madgraph-pythia8/WpWpJJ_EWK_2017/210420_122652/0000/tree_hadd_8.root to the chain
Name: Events Title: 
Number of events in chain 18537
Number of events in tree from chain 18537
isMC:  True
gen?:  True  pdf?:  True
Event # 1  out of  18537
Event # 1001  out of  18537
Event # 2001  out of  18537
Event # 3001  out of  18537
Event # 4001  out of  18537
Event # 5001  out of  18537
Event # 6001  out of  18537
Event # 7001  out of  18537
Event # 8001  out of  18537
Event # 9001  out of  18537
Event # 10001  out of  18537
Event # 11001  out of  18537
Event # 12001  out of  18537
Event # 13001  out of  18537
Event # 14001  out of  18537
Event # 15001  out of  18537
Event # 16001  out of  18537
Event # 17001  out of  18537
Event # 18001  out of  18537
Number of events in output tree 465
Ending running at 2021-06-16 12:49:31.871912
 So long, and thanks for all the fish
